LibNotification/build/intermediates/manifest_merge_blame_file/debug/manifest-merger-blame-debug-report.txt
1<?xml version="1.0" encoding="utf-8"?>
2<manifest xmlns:android="http://schemas.android.com/apk/res/android"
3    package="pub.gll.onepeas.libnotification" >
4
5    <uses-sdk
6        android:minSdkVersion="21"
6-->src/main/AndroidManifest.xml
7        android:targetSdkVersion="32" />
7-->src/main/AndroidManifest.xml
8
9    <application
9-->src/main/AndroidManifest.xml:4:5-10:52
10        android:allowBackup="true"
10-->src/main/AndroidManifest.xml:5:9-35
11        android:icon="@mipmap/ic_launcher"
11-->src/main/AndroidManifest.xml:6:9-43
12        android:label="@string/app_name"
12-->src/main/AndroidManifest.xml:7:9-41
13        android:roundIcon="@mipmap/ic_launcher_round"
13-->src/main/AndroidManifest.xml:8:9-54
14        android:supportsRtl="true"
14-->src/main/AndroidManifest.xml:9:9-35
15        android:theme="@style/Theme.OnePeasToDo" />
15-->src/main/AndroidManifest.xml:10:9-49
16
17</manifest>